[debug] [2023-03-05T19:23:31.179Z] ----------------------------------------------------------------------
[debug] [2023-03-05T19:23:31.182Z] Command:       C:\Program Files\nodejs\node.exe C:\Users\csubi\AppData\Roaming\npm\node_modules\firebase-tools\lib\bin\firebase.js init
[debug] [2023-03-05T19:23:31.183Z] CLI Version:   11.24.0
[debug] [2023-03-05T19:23:31.183Z] Platform:      win32
[debug] [2023-03-05T19:23:31.183Z] Node Version:  v18.14.1
[debug] [2023-03-05T19:23:31.186Z] Time:          Sun Mar 05 2023 20:23:31 GMT+0100 (Central European Standard Time)
[debug] [2023-03-05T19:23:31.186Z] ----------------------------------------------------------------------
[debug] 
[debug] [2023-03-05T19:23:31.209Z] > command requires scopes: ["email","openid","https://www.googleapis.com/auth/cloudplatformprojects.readonly","https://www.googleapis.com/auth/firebase","https://www.googleapis.com/auth/cloud-platform"]
[debug] [2023-03-05T19:23:31.210Z] > authorizing via signed-in user (csubicsabi05@gmail.com)
[info] 
     ######## #### ########  ######## ########     ###     ######  ########
     ##        ##  ##     ## ##       ##     ##  ##   ##  ##       ##
     ######    ##  ########  ######   ########  #########  ######  ######
     ##        ##  ##    ##  ##       ##     ## ##     ##       ## ##
     ##       #### ##     ## ######## ########  ##     ##  ######  ########

You're about to initialize a Firebase project in this directory:

  E:\Practice\React\arrp-duty-react

[info] 
=== Project Setup
[info] 
[info] First, let's associate this project directory with a Firebase project.
[info] You can create multiple project aliases by running firebase use --add, 
[info] but for now we'll just set up a default project.
[info] 
[debug] [2023-03-05T19:24:19.239Z] > refreshing access token with scopes: []
[debug] [2023-03-05T19:24:19.254Z] >>> [apiv2][query] POST https://www.googleapis.com/oauth2/v3/token [none]
[debug] [2023-03-05T19:24:19.255Z] >>> [apiv2][body] POST https://www.googleapis.com/oauth2/v3/token [omitted]
[debug] [2023-03-05T19:24:19.685Z] <<< [apiv2][status] POST https://www.googleapis.com/oauth2/v3/token 200
[debug] [2023-03-05T19:24:19.686Z] <<< [apiv2][body] POST https://www.googleapis.com/oauth2/v3/token [omitted]
[debug] [2023-03-05T19:24:19.712Z] >>> [apiv2][query] GET https://firebase.googleapis.com/v1beta1/projects pageSize=100
[debug] [2023-03-05T19:24:20.373Z] <<< [apiv2][status] GET https://firebase.googleapis.com/v1beta1/projects 200
[debug] [2023-03-05T19:24:20.373Z] <<< [apiv2][body] GET https://firebase.googleapis.com/v1beta1/projects [omitted]
[info] i  Using project arrp-duty-f80b7 (arrp-duty) 
[info] 
=== Hosting Setup
[info] 
[info] Your public directory is the folder (relative to your project directory) that
[info] will contain Hosting assets to be uploaded with firebase deploy. If you
[info] have a build process for your assets, use your build's output directory.
[info] 
